Compiled jquery.js  (4ms)  (pid 21869)
Compiled jquery_ujs.js  (0ms)  (pid 21869)
Compiled bootstrap-fupload.js  (0ms)  (pid 21869)
Compiled collaborates.js  (96ms)  (pid 21869)
Compiled home.js  (0ms)  (pid 21869)
Compiled sporeprint.js  (0ms)  (pid 21869)
Compiled users.js  (0ms)  (pid 21869)
Compiled websites.js  (0ms)  (pid 21869)
Compiled welcome.js  (0ms)  (pid 21869)
Compiled bootstrap.js  (1ms)  (pid 21869)
Compiled application.js  (208ms)  (pid 21869)
Compiled bootstrap.css  (0ms)  (pid 21869)
Compiled collaborates.css  (42ms)  (pid 21869)
Compiled scaffolds.css  (6ms)  (pid 21869)
Compiled sporeprint.css  (1ms)  (pid 21869)
Compiled jquery.js  (4ms)  (pid 21920)
Compiled jquery_ujs.js  (0ms)  (pid 21920)
Compiled bootstrap-fupload.js  (0ms)  (pid 21920)
Compiled collaborates.js  (54ms)  (pid 21920)
Compiled home.js  (0ms)  (pid 21920)
Compiled sporeprint.js  (1ms)  (pid 21920)
Compiled users.js  (0ms)  (pid 21920)
Compiled websites.js  (0ms)  (pid 21920)
Compiled welcome.js  (0ms)  (pid 21920)
Compiled bootstrap.js  (1ms)  (pid 21920)
Compiled application.js  (139ms)  (pid 21920)
Compiled bootstrap.css  (0ms)  (pid 21920)
Compiled collaborates.css  (4ms)  (pid 21920)
Compiled scaffolds.css  (6ms)  (pid 21920)
Compiled sporeprint.css  (0ms)  (pid 21920)
Compiled jquery.js  (4ms)  (pid 11502)
Compiled jquery_ujs.js  (0ms)  (pid 11502)
Compiled bootstrap-fupload.js  (0ms)  (pid 11502)
Compiled collaborates.js  (255ms)  (pid 11502)
Compiled home.js  (0ms)  (pid 11502)
Compiled sporeprint.js  (0ms)  (pid 11502)
Compiled users.js  (0ms)  (pid 11502)
Compiled websites.js  (0ms)  (pid 11502)
Compiled welcome.js  (0ms)  (pid 11502)
Compiled bootstrap-transition.js  (0ms)  (pid 11502)
Compiled bootstrap-affix.js  (0ms)  (pid 11502)
Compiled bootstrap-alert.js  (0ms)  (pid 11502)
Compiled bootstrap-button.js  (0ms)  (pid 11502)
Compiled bootstrap-carousel.js  (0ms)  (pid 11502)
Compiled bootstrap-collapse.js  (0ms)  (pid 11502)
Compiled bootstrap-dropdown.js  (0ms)  (pid 11502)
Compiled bootstrap-modal.js  (0ms)  (pid 11502)
Compiled bootstrap-scrollspy.js  (0ms)  (pid 11502)
Compiled bootstrap-tab.js  (0ms)  (pid 11502)
Compiled bootstrap-tooltip.js  (0ms)  (pid 11502)
Compiled bootstrap-popover.js  (0ms)  (pid 11502)
Compiled bootstrap-typeahead.js  (0ms)  (pid 11502)
Compiled bootstrap.js  (158ms)  (pid 11502)
Compiled application.js  (508ms)  (pid 11502)
Compiled bootstrap.css  (1893ms)  (pid 11502)
Compiled collaborates.css  (1ms)  (pid 11502)
Compiled scaffolds.css  (6ms)  (pid 11502)
Compiled sporeprint.css  (1ms)  (pid 11502)
Compiled style.css  (1196ms)  (pid 11502)
Compiled users.css  (2ms)  (pid 11502)
Compiled websites.css  (1ms)  (pid 11502)
Compiled welcome.css  (1ms)  (pid 11502)
Compiled application.css  (3148ms)  (pid 11502)
Compiled rails_admin/jquery.colorpicker.js  (0ms)  (pid 11502)
Compiled jquery.iframe-transport.js  (1ms)  (pid 11502)
Compiled rails_admin/jquery.remotipart.fixed.js  (12ms)  (pid 11502)
Compiled jquery.ui.effect.js  (1ms)  (pid 11502)
Compiled jquery.ui.core.js  (2ms)  (pid 11502)
Compiled jquery.ui.widget.js  (0ms)  (pid 11502)
Compiled jquery.ui.mouse.js  (3ms)  (pid 11502)
Compiled jquery.ui.sortable.js  (91ms)  (pid 11502)
Compiled jquery.ui.position.js  (0ms)  (pid 11502)
Compiled jquery.ui.menu.js  (9ms)  (pid 11502)
Compiled jquery.ui.autocomplete.js  (23ms)  (pid 11502)
Compiled jquery.ui.datepicker.js  (2ms)  (pid 11502)
Compiled rails_admin/jquery.ui.timepicker.js  (1ms)  (pid 11502)
Compiled rails_admin/ra.datetimepicker.js  (0ms)  (pid 11502)
Compiled rails_admin/ra.filter-box.js  (0ms)  (pid 11502)
Compiled rails_admin/ra.filtering-multiselect.js  (0ms)  (pid 11502)
Compiled rails_admin/ra.filtering-select.js  (0ms)  (pid 11502)
Compiled rails_admin/ra.remote-form.js  (0ms)  (pid 11502)
Compiled rails_admin/jquery.pjax.js  (0ms)  (pid 11502)
Compiled jquery_nested_form.js  (0ms)  (pid 11502)
Compiled rails_admin/ra.nested-form-hooks.js  (37ms)  (pid 11502)
Compiled rails_admin/ra.widgets.js  (60ms)  (pid 11502)
Compiled rails_admin/ui.js  (40ms)  (pid 11502)
Compiled rails_admin/custom/ui.js  (1ms)  (pid 11502)
Compiled rails_admin/rails_admin.js  (504ms)  (pid 11502)
Compiled rails_admin/jquery.colorpicker.css  (20ms)  (pid 11502)
Compiled font-awesome.css  (63ms)  (pid 11502)
Compiled rails_admin/rails_admin.css  (1767ms)  (pid 11502)
Compiled jquery.js  (33ms)  (pid 11502)
Compiled jquery_ujs.js  (0ms)  (pid 11502)
Compiled bootstrap-fupload.js  (0ms)  (pid 11502)
Compiled collaborates.js  (50ms)  (pid 11502)
Compiled home.js  (0ms)  (pid 11502)
Compiled sporeprint.js  (1ms)  (pid 11502)
Compiled users.js  (0ms)  (pid 11502)
Compiled websites.js  (0ms)  (pid 11502)
Compiled welcome.js  (0ms)  (pid 11502)
Compiled bootstrap-transition.js  (0ms)  (pid 11502)
Compiled bootstrap-affix.js  (0ms)  (pid 11502)
Compiled bootstrap-alert.js  (0ms)  (pid 11502)
Compiled bootstrap-button.js  (0ms)  (pid 11502)
Compiled bootstrap-carousel.js  (0ms)  (pid 11502)
Compiled bootstrap-collapse.js  (0ms)  (pid 11502)
Compiled bootstrap-dropdown.js  (0ms)  (pid 11502)
Compiled bootstrap-modal.js  (0ms)  (pid 11502)
Compiled bootstrap-scrollspy.js  (0ms)  (pid 11502)
Compiled bootstrap-tab.js  (0ms)  (pid 11502)
Compiled bootstrap-tooltip.js  (0ms)  (pid 11502)
Compiled bootstrap-popover.js  (0ms)  (pid 11502)
Compiled bootstrap-typeahead.js  (0ms)  (pid 11502)
Compiled bootstrap.js  (105ms)  (pid 11502)
Compiled application.js  (227ms)  (pid 11502)
Compiled bootstrap.css  (1807ms)  (pid 11502)
Compiled collaborates.css  (1ms)  (pid 11502)
Compiled scaffolds.css  (6ms)  (pid 11502)
Compiled sporeprint.css  (0ms)  (pid 11502)
Compiled style.css  (1071ms)  (pid 11502)
Compiled users.css  (1ms)  (pid 11502)
Compiled websites.css  (1ms)  (pid 11502)
Compiled welcome.css  (0ms)  (pid 11502)
Compiled application.css  (2914ms)  (pid 11502)
Compiled rails_admin/jquery.colorpicker.js  (0ms)  (pid 11502)
Compiled jquery.iframe-transport.js  (0ms)  (pid 11502)
Compiled rails_admin/jquery.remotipart.fixed.js  (45ms)  (pid 11502)
Compiled jquery.ui.effect.js  (0ms)  (pid 11502)
Compiled jquery.ui.core.js  (1ms)  (pid 11502)
Compiled jquery.ui.widget.js  (0ms)  (pid 11502)
Compiled jquery.ui.mouse.js  (2ms)  (pid 11502)
Compiled jquery.ui.sortable.js  (16ms)  (pid 11502)
Compiled jquery.ui.position.js  (0ms)  (pid 11502)
Compiled jquery.ui.menu.js  (5ms)  (pid 11502)
Compiled jquery.ui.autocomplete.js  (12ms)  (pid 11502)
Compiled jquery.ui.datepicker.js  (2ms)  (pid 11502)
Compiled rails_admin/jquery.ui.timepicker.js  (1ms)  (pid 11502)
Compiled rails_admin/ra.datetimepicker.js  (0ms)  (pid 11502)
Compiled rails_admin/ra.filter-box.js  (0ms)  (pid 11502)
Compiled rails_admin/ra.filtering-multiselect.js  (0ms)  (pid 11502)
Compiled rails_admin/ra.filtering-select.js  (0ms)  (pid 11502)
Compiled rails_admin/ra.remote-form.js  (0ms)  (pid 11502)
Compiled rails_admin/jquery.pjax.js  (0ms)  (pid 11502)
Compiled jquery_nested_form.js  (0ms)  (pid 11502)
Compiled rails_admin/ra.nested-form-hooks.js  (34ms)  (pid 11502)
Compiled rails_admin/ra.widgets.js  (96ms)  (pid 11502)
Compiled rails_admin/ui.js  (41ms)  (pid 11502)
Compiled rails_admin/custom/ui.js  (1ms)  (pid 11502)
Compiled rails_admin/rails_admin.js  (315ms)  (pid 11502)
Compiled rails_admin/jquery.colorpicker.css  (20ms)  (pid 11502)
Compiled font-awesome.css  (15ms)  (pid 11502)
Compiled rails_admin/rails_admin.css  (1633ms)  (pid 11502)
